<?xml version="1.0" encoding="UTF-8"?>
<robot generator="Robot 7.3 (Python 3.10.6 on win32)" generated="2025-06-08T16:54:14.037197" rpa="false" schemaversion="5">
<suite id="s1" name="loginPage2" source="E:\Rick's Files_E\Python_Projects\PythonRobotFramework\tests\loginPage2.robot">
<test id="s1-t1" name="Validate e2e process to add an item in the cart and checkout" line="25">
<kw name="Open the browser with the Mortage Payment url" owner="resource" type="SETUP">
<kw name="Create Webdriver" owner="SeleniumLibrary">
<msg time="2025-06-08T16:54:14.266381" level="INFO">Creating an instance of the Chrome WebDriver.</msg>
<arg>Chrome</arg>
<doc>Creates an instance of Selenium WebDriver.</doc>
<status status="PASS" start="2025-06-08T16:54:14.265381" elapsed="1.081277"/>
</kw>
<kw name="Go To" owner="SeleniumLibrary">
<msg time="2025-06-08T16:54:15.346658" level="INFO">Opening url 'https://rahulshettyacademy.com/loginpagePractise/'</msg>
<arg>${url}</arg>
<doc>Navigates the current browser window to the provided ``url``.</doc>
<status status="PASS" start="2025-06-08T16:54:15.346658" elapsed="0.494249"/>
</kw>
<kw name="Maximize Browser Window" owner="SeleniumLibrary">
<doc>Maximizes current browser window.</doc>
<status status="PASS" start="2025-06-08T16:54:15.840907" elapsed="0.025000"/>
</kw>
<status status="PASS" start="2025-06-08T16:54:14.265381" elapsed="1.601525"/>
</kw>
<kw name="Fill the login Form">
<kw name="Input Text" owner="SeleniumLibrary">
<msg time="2025-06-08T16:54:15.867907" level="INFO">Typing text 'rahulshettyacademy' into text field 'xpath://input[@id='username']'.</msg>
<arg>xpath://input[@id='username']</arg>
<arg>${username}</arg>
<doc>Types the given ``text`` into the text field identified by ``locator``.</doc>
<status status="PASS" start="2025-06-08T16:54:15.866906" elapsed="0.066074"/>
</kw>
<kw name="Input Password" owner="SeleniumLibrary">
<msg time="2025-06-08T16:54:15.933981" level="INFO">Typing password into text field 'xpath://input[@id='password']'.</msg>
<msg time="2025-06-08T16:54:15.954979" level="INFO">Temporally setting log level to: NONE</msg>
<arg>xpath://input[@id='password']</arg>
<arg>${password}</arg>
<doc>Types the given password into the text field identified by ``locator``.</doc>
<status status="PASS" start="2025-06-08T16:54:15.932980" elapsed="0.049997"/>
</kw>
<kw name="Click Button" owner="SeleniumLibrary">
<msg time="2025-06-08T16:54:15.983978" level="INFO">Clicking button 'id:signInBtn'.</msg>
<arg>id:signInBtn</arg>
<doc>Clicks the button identified by ``locator``.</doc>
<status status="PASS" start="2025-06-08T16:54:15.982977" elapsed="0.042514"/>
</kw>
<arg>${login_username}</arg>
<arg>${login_password}</arg>
<status status="PASS" start="2025-06-08T16:54:15.866906" elapsed="0.159586"/>
</kw>
<kw name="Click on the checkbox for Terms and Conditions">
<kw name="Select Checkbox" owner="SeleniumLibrary">
<msg time="2025-06-08T16:54:16.026492" level="INFO">Selecting checkbox 'xpath://input[@id='terms']'.</msg>
<arg>xpath://input[@id='terms']</arg>
<doc>Selects the checkbox identified by ``locator``.</doc>
<status status="PASS" start="2025-06-08T16:54:16.026492" elapsed="0.049999"/>
</kw>
<status status="PASS" start="2025-06-08T16:54:16.026492" elapsed="0.050999"/>
</kw>
<kw name="Click on sign in button">
<kw name="Click Button" owner="SeleniumLibrary">
<msg time="2025-06-08T16:54:16.077491" level="INFO">Clicking button 'id:signInBtn'.</msg>
<arg>id:signInBtn</arg>
<doc>Clicks the button identified by ``locator``.</doc>
<status status="PASS" start="2025-06-08T16:54:16.077491" elapsed="0.037004"/>
</kw>
<status status="PASS" start="2025-06-08T16:54:16.077491" elapsed="0.037004"/>
</kw>
<kw name="Validate Successful Login to the home page">
<kw name="Wait Until Element Is Visible" owner="SeleniumLibrary">
<arg>xpath://a[contains(text(),'ProtoCommerce Home')]</arg>
<arg>timeout=10</arg>
<doc>Waits until the element ``locator`` is visible.</doc>
<status status="PASS" start="2025-06-08T16:54:16.115496" elapsed="2.401651"/>
</kw>
<kw name="Get Text" owner="SeleniumLibrary">
<msg time="2025-06-08T16:54:18.527656" level="INFO">${homePageTitle} = ProtoCommerce Home</msg>
<var>${homePageTitle}</var>
<arg>xpath://a[contains(text(),'ProtoCommerce Home')]</arg>
<doc>Returns the text value of the element identified by ``locator``.</doc>
<status status="PASS" start="2025-06-08T16:54:18.517147" elapsed="0.010509"/>
</kw>
<kw name="Should Be Equal As Strings" owner="BuiltIn">
<arg>${homePageTitle}</arg>
<arg>ProtoCommerce Home</arg>
<doc>Fails if objects are unequal after converting them to strings.</doc>
<status status="PASS" start="2025-06-08T16:54:18.527656" elapsed="0.001003"/>
</kw>
<status status="PASS" start="2025-06-08T16:54:16.115496" elapsed="2.413163"/>
</kw>
<kw name="Validate the list of items present in home page">
<kw name="Wait Until Element Is Visible" owner="SeleniumLibrary">
<arg>xpath://h4[@class='card-title']</arg>
<doc>Waits until the element ``locator`` is visible.</doc>
<status status="PASS" start="2025-06-08T16:54:18.528659" elapsed="0.008997"/>
</kw>
<kw name="Get WebElements" owner="SeleniumLibrary">
<msg time="2025-06-08T16:54:18.541657" level="INFO">@{itemList_Page} = [ &lt;selenium.webdriver.remote.webelement.WebElement (session="9323f425732c42e617f98038099337c5", element="f.AEB371C99EDDFD80360716677D12354D.d.358EBD0B4C906C4BC93E09D654E157C7.e.67")&gt; | &lt;selenium.webdr...</msg>
<var>@{itemList_Page}</var>
<arg>xpath://h4[@class='card-title']</arg>
<doc>Returns a list of WebElement objects matching the ``locator``.</doc>
<status status="PASS" start="2025-06-08T16:54:18.538659" elapsed="0.002998"/>
</kw>
<kw name="Set Variable" owner="BuiltIn">
<msg time="2025-06-08T16:54:18.541657" level="INFO">${counter} = 0</msg>
<var>${counter}</var>
<arg>0</arg>
<doc>Returns the given values which can then be assigned to a variables.</doc>
<status status="PASS" start="2025-06-08T16:54:18.541657" elapsed="0.001002"/>
</kw>
<kw name="Create List" owner="BuiltIn">
<msg time="2025-06-08T16:54:18.542659" level="INFO">@{itemList_Text} = [ ]</msg>
<var>@{itemList_Text}</var>
<doc>Returns a list containing given items.</doc>
<status status="PASS" start="2025-06-08T16:54:18.542659" elapsed="0.000000"/>
</kw>
<kw name="Create Dictionary" owner="BuiltIn">
<msg time="2025-06-08T16:54:18.542659" level="INFO">&amp;{item_Count} = { }</msg>
<var>&amp;{item_Count}</var>
<doc>Creates and returns a dictionary based on the given ``items``.</doc>
<status status="PASS" start="2025-06-08T16:54:18.542659" elapsed="0.000000"/>
</kw>
<kw name="Create List" owner="BuiltIn">
<msg time="2025-06-08T16:54:18.542659" level="INFO">@{itemList_User} = [ iphone X | Samsung Note 8 | Nokia Edge | Blackberry ]</msg>
<var>@{itemList_User}</var>
<arg>iphone X</arg>
<arg>Samsung Note 8</arg>
<arg>Nokia Edge</arg>
<arg>Blackberry</arg>
<doc>Returns a list containing given items.</doc>
<status status="PASS" start="2025-06-08T16:54:18.542659" elapsed="0.000000"/>
</kw>
<for flavor="IN">
<iter>
<kw name="Get Text" owner="SeleniumLibrary">
<msg time="2025-06-08T16:54:18.547659" level="INFO">${items_text} = iphone X</msg>
<var>${items_text}</var>
<arg>${item_Page}</arg>
<doc>Returns the text value of the element identified by ``locator``.</doc>
<status status="PASS" start="2025-06-08T16:54:18.543659" elapsed="0.004000"/>
</kw>
<kw name="Evaluate" owner="BuiltIn">
<msg time="2025-06-08T16:54:18.547659" level="INFO">${counter} = 1</msg>
<var>${counter}</var>
<arg>${counter} + 1</arg>
<doc>Evaluates the given expression in Python and returns the result.</doc>
<status status="PASS" start="2025-06-08T16:54:18.547659" elapsed="0.000000"/>
</kw>
<kw name="Append To List" owner="Collections">
<arg>${itemList_Text}</arg>
<arg>${items_text}</arg>
<doc>Adds ``values`` to the end of ``list``.</doc>
<status status="PASS" start="2025-06-08T16:54:18.548658" elapsed="0.000000"/>
</kw>
<kw name="Set Variable" owner="BuiltIn">
<msg time="2025-06-08T16:54:18.548658" level="INFO">${item_Count}[${items_text}] = 1</msg>
<var>${item_Count}[${items_text}]</var>
<arg>${counter}</arg>
<doc>Returns the given values which can then be assigned to a variables.</doc>
<status status="PASS" start="2025-06-08T16:54:18.548658" elapsed="0.000000"/>
</kw>
<var name="${item_Page}">&lt;selenium.webdriver.remote.webelement.WebElement (session="9323f425732c42e617f98038099337c5", element="f.AEB371C99EDDFD80360716677D12354D.d.358EBD0B4C906C4BC93E09D654E157C7.e.67")&gt;</var>
<status status="PASS" start="2025-06-08T16:54:18.542659" elapsed="0.005999"/>
</iter>
<iter>
<kw name="Get Text" owner="SeleniumLibrary">
<msg time="2025-06-08T16:54:18.553657" level="INFO">${items_text} = Samsung Note 8</msg>
<var>${items_text}</var>
<arg>${item_Page}</arg>
<doc>Returns the text value of the element identified by ``locator``.</doc>
<status status="PASS" start="2025-06-08T16:54:18.548658" elapsed="0.004999"/>
</kw>
<kw name="Evaluate" owner="BuiltIn">
<msg time="2025-06-08T16:54:18.553657" level="INFO">${counter} = 2</msg>
<var>${counter}</var>
<arg>${counter} + 1</arg>
<doc>Evaluates the given expression in Python and returns the result.</doc>
<status status="PASS" start="2025-06-08T16:54:18.553657" elapsed="0.000000"/>
</kw>
<kw name="Append To List" owner="Collections">
<arg>${itemList_Text}</arg>
<arg>${items_text}</arg>
<doc>Adds ``values`` to the end of ``list``.</doc>
<status status="PASS" start="2025-06-08T16:54:18.553657" elapsed="0.000000"/>
</kw>
<kw name="Set Variable" owner="BuiltIn">
<msg time="2025-06-08T16:54:18.553657" level="INFO">${item_Count}[${items_text}] = 2</msg>
<var>${item_Count}[${items_text}]</var>
<arg>${counter}</arg>
<doc>Returns the given values which can then be assigned to a variables.</doc>
<status status="PASS" start="2025-06-08T16:54:18.553657" elapsed="0.000000"/>
</kw>
<var name="${item_Page}">&lt;selenium.webdriver.remote.webelement.WebElement (session="9323f425732c42e617f98038099337c5", element="f.AEB371C99EDDFD80360716677D12354D.d.358EBD0B4C906C4BC93E09D654E157C7.e.68")&gt;</var>
<status status="PASS" start="2025-06-08T16:54:18.548658" elapsed="0.004999"/>
</iter>
<iter>
<kw name="Get Text" owner="SeleniumLibrary">
<msg time="2025-06-08T16:54:18.558656" level="INFO">${items_text} = Nokia Edge</msg>
<var>${items_text}</var>
<arg>${item_Page}</arg>
<doc>Returns the text value of the element identified by ``locator``.</doc>
<status status="PASS" start="2025-06-08T16:54:18.554660" elapsed="0.003996"/>
</kw>
<kw name="Evaluate" owner="BuiltIn">
<msg time="2025-06-08T16:54:18.558656" level="INFO">${counter} = 3</msg>
<var>${counter}</var>
<arg>${counter} + 1</arg>
<doc>Evaluates the given expression in Python and returns the result.</doc>
<status status="PASS" start="2025-06-08T16:54:18.558656" elapsed="0.000000"/>
</kw>
<kw name="Append To List" owner="Collections">
<arg>${itemList_Text}</arg>
<arg>${items_text}</arg>
<doc>Adds ``values`` to the end of ``list``.</doc>
<status status="PASS" start="2025-06-08T16:54:18.558656" elapsed="0.000000"/>
</kw>
<kw name="Set Variable" owner="BuiltIn">
<msg time="2025-06-08T16:54:18.559657" level="INFO">${item_Count}[${items_text}] = 3</msg>
<var>${item_Count}[${items_text}]</var>
<arg>${counter}</arg>
<doc>Returns the given values which can then be assigned to a variables.</doc>
<status status="PASS" start="2025-06-08T16:54:18.558656" elapsed="0.001001"/>
</kw>
<var name="${item_Page}">&lt;selenium.webdriver.remote.webelement.WebElement (session="9323f425732c42e617f98038099337c5", element="f.AEB371C99EDDFD80360716677D12354D.d.358EBD0B4C906C4BC93E09D654E157C7.e.69")&gt;</var>
<status status="PASS" start="2025-06-08T16:54:18.554660" elapsed="0.004997"/>
</iter>
<iter>
<kw name="Get Text" owner="SeleniumLibrary">
<msg time="2025-06-08T16:54:18.563656" level="INFO">${items_text} = Blackberry</msg>
<var>${items_text}</var>
<arg>${item_Page}</arg>
<doc>Returns the text value of the element identified by ``locator``.</doc>
<status status="PASS" start="2025-06-08T16:54:18.559657" elapsed="0.003999"/>
</kw>
<kw name="Evaluate" owner="BuiltIn">
<msg time="2025-06-08T16:54:18.563656" level="INFO">${counter} = 4</msg>
<var>${counter}</var>
<arg>${counter} + 1</arg>
<doc>Evaluates the given expression in Python and returns the result.</doc>
<status status="PASS" start="2025-06-08T16:54:18.563656" elapsed="0.000000"/>
</kw>
<kw name="Append To List" owner="Collections">
<arg>${itemList_Text}</arg>
<arg>${items_text}</arg>
<doc>Adds ``values`` to the end of ``list``.</doc>
<status status="PASS" start="2025-06-08T16:54:18.563656" elapsed="0.001004"/>
</kw>
<kw name="Set Variable" owner="BuiltIn">
<msg time="2025-06-08T16:54:18.564660" level="INFO">${item_Count}[${items_text}] = 4</msg>
<var>${item_Count}[${items_text}]</var>
<arg>${counter}</arg>
<doc>Returns the given values which can then be assigned to a variables.</doc>
<status status="PASS" start="2025-06-08T16:54:18.564660" elapsed="0.000000"/>
</kw>
<var name="${item_Page}">&lt;selenium.webdriver.remote.webelement.WebElement (session="9323f425732c42e617f98038099337c5", element="f.AEB371C99EDDFD80360716677D12354D.d.358EBD0B4C906C4BC93E09D654E157C7.e.70")&gt;</var>
<status status="PASS" start="2025-06-08T16:54:18.559657" elapsed="0.005003"/>
</iter>
<var>${item_Page}</var>
<value>@{itemList_Page}</value>
<status status="PASS" start="2025-06-08T16:54:18.542659" elapsed="0.022001"/>
</for>
<kw name="Set Global Variable" owner="BuiltIn">
<msg time="2025-06-08T16:54:18.565660" level="INFO">&amp;{item_Count_global} = { iphone X=1 | Samsung Note 8=2 | Nokia Edge=3 | Blackberry=4 }</msg>
<arg>&amp;{item_Count_global}</arg>
<arg>&amp;{item_Count}</arg>
<doc>Makes a variable available globally in all tests and suites.</doc>
<status status="PASS" start="2025-06-08T16:54:18.564660" elapsed="0.001000"/>
</kw>
<kw name="Lists Should Be Equal" owner="Collections">
<arg>${itemList_Text}</arg>
<arg>${itemList_User}</arg>
<doc>Fails if given lists are unequal.</doc>
<status status="PASS" start="2025-06-08T16:54:18.565660" elapsed="0.000000"/>
</kw>
<status status="PASS" start="2025-06-08T16:54:18.528659" elapsed="0.037001"/>
</kw>
<kw name="Validate the item is added to the cart">
<kw name="Get From Dictionary" owner="Collections">
<msg time="2025-06-08T16:54:18.566657" level="INFO">${itemIndex} = 3</msg>
<var>${itemIndex}</var>
<arg>${item_Count_global}</arg>
<arg>${productName}</arg>
<doc>Returns a value from the given ``dictionary`` based on the given ``key``.</doc>
<status status="PASS" start="2025-06-08T16:54:18.566657" elapsed="0.000000"/>
</kw>
<kw name="Click Button" owner="SeleniumLibrary">
<msg time="2025-06-08T16:54:18.566657" level="INFO">Clicking button 'xpath:(//button[text()='Add '])[3]'.</msg>
<arg>xpath:(//button[text()='Add '])[${itemIndex}]</arg>
<doc>Clicks the button identified by ``locator``.</doc>
<status status="PASS" start="2025-06-08T16:54:18.566657" elapsed="0.045008"/>
</kw>
<arg>${item_Count_global}</arg>
<arg>${getProduct}</arg>
<status status="PASS" start="2025-06-08T16:54:18.565660" elapsed="0.046005"/>
</kw>
<kw name="Close Browser Session" owner="resource" type="TEARDOWN">
<kw name="Close Browser" owner="SeleniumLibrary">
<doc>Closes the current browser.</doc>
<status status="PASS" start="2025-06-08T16:54:18.612664" elapsed="2.110665"/>
</kw>
<status status="PASS" start="2025-06-08T16:54:18.612664" elapsed="2.110665"/>
</kw>
<status status="PASS" start="2025-06-08T16:54:14.264381" elapsed="6.458948"/>
</test>
<doc>To validate the login form</doc>
<status status="PASS" start="2025-06-08T16:54:14.038198" elapsed="6.686133"/>
</suite>
<statistics>
<total>
<stat pass="1" fail="0" skip="0">All Tests</stat>
</total>
<tag>
</tag>
<suite>
<stat name="loginPage2" id="s1" pass="1" fail="0" skip="0">loginPage2</stat>
</suite>
</statistics>
<errors>
</errors>
</robot>
